Release 13.4 Xflow O.87xd (nt64)
Copyright (c) 1995-2011 Xilinx, Inc.  All rights reserved.
xflow.exe -wd implementation -p xc6slx45csg324-3 -implement xflow.opt system.ngc
 
PMSPEC -- Overriding Xilinx file
<C:/Xilinx/13.4/ISE_DS/EDK/spartan6/data/spartan6.acd> with local file
<C:/Xilinx/13.4/ISE_DS/ISE/spartan6/data/spartan6.acd>

Using Flow File:
C:/Users/superman/Desktop/pegasus_427/lab2/lab2hw/implementation/fpga.flw 
Using Option File(s): 
 C:/Users/superman/Desktop/pegasus_427/lab2/lab2hw/implementation/xflow.opt 

Creating Script File ... 

#----------------------------------------------#
# Starting program ngdbuild
# ngdbuild -p xc6slx45csg324-3 -nt timestamp -bm system.bmm
"C:/Users/superman/Desktop/pegasus_427/lab2/lab2hw/implementation/system.ngc"
-uc system.ucf system.ngd 
#----------------------------------------------#
Release 13.4 - ngdbuild O.87xd (nt64)
Copyright (c) 1995-2011 Xilinx, Inc.  All rights reserved.
PMSPEC -- Overriding Xilinx file
<C:/Xilinx/13.4/ISE_DS/EDK/spartan6/data/spartan6.acd> with local file
<C:/Xilinx/13.4/ISE_DS/ISE/spartan6/data/spartan6.acd>

Command Line: C:\Xilinx\13.4\ISE_DS\ISE\bin\nt64\unwrapped\ngdbuild.exe -p
xc6slx45csg324-3 -nt timestamp -bm system.bmm
C:/Users/superman/Desktop/pegasus_427/lab2/lab2hw/implementation/system.ngc -uc
system.ucf system.ngd

Reading NGO file
"C:/Users/superman/Desktop/pegasus_427/lab2/lab2hw/implementation/system.ngc"
...
Loading design module
"C:/Users/superman/Desktop/pegasus_427/lab2/lab2hw/implementation/push_buttons_5
bits_wrapper.ngc"...
Loading design module
"C:/Users/superman/Desktop/pegasus_427/lab2/lab2hw/implementation/dip_switches_8
bits_wrapper.ngc"...
Loading design module
"C:/Users/superman/Desktop/pegasus_427/lab2/lab2hw/implementation/pitiful_0_wrap
per.ngc"...
Loading design module
"C:/Users/superman/Desktop/pegasus_427/lab2/lab2hw/implementation/rs232_uart_1_w
rapper.ngc"...
Loading design module
"C:/Users/superman/Desktop/pegasus_427/lab2/lab2hw/implementation/proc_sys_reset
_0_wrapper.ngc"...
Loading design module
"C:/Users/superman/Desktop/pegasus_427/lab2/lab2hw/implementation/clock_generato
r_0_wrapper.ngc"...
Loading design module
"C:/Users/superman/Desktop/pegasus_427/lab2/lab2hw/implementation/microblaze_0_i
lmb_wrapper.ngc"...
Loading design module
"C:/Users/superman/Desktop/pegasus_427/lab2/lab2hw/implementation/microblaze_0_d
lmb_wrapper.ngc"...
Loading design module
"C:/Users/superman/Desktop/pegasus_427/lab2/lab2hw/implementation/axi4lite_0_wra
pper.ngc"...
Loading design module
"C:/Users/superman/Desktop/pegasus_427/lab2/lab2hw/implementation/microblaze_0_w
rapper.ngc"...
Loading design module
"C:/Users/superman/Desktop/pegasus_427/lab2/lab2hw/implementation/microblaze_0_i
ntc_wrapper.ngc"...
Loading design module
"C:/Users/superman/Desktop/pegasus_427/lab2/lab2hw/implementation/microblaze_0_i
_bram_ctrl_wrapper.ngc"...
Loading design module
"C:/Users/superman/Desktop/pegasus_427/lab2/lab2hw/implementation/microblaze_0_d
_bram_ctrl_wrapper.ngc"...
Loading design module
"C:/Users/superman/Desktop/pegasus_427/lab2/lab2hw/implementation/debug_module_w
rapper.ngc"...
Loading design module
"C:/Users/superman/Desktop/pegasus_427/lab2/lab2hw/implementation/leds_8bits_wra
pper.ngc"...
Loading design module
"C:/Users/superman/Desktop/pegasus_427/lab2/lab2hw/implementation/fit_timer_0_wr
apper.ngc"...
Loading design module
"C:/Users/superman/Desktop/pegasus_427/lab2/lab2hw/implementation/microblaze_0_b
ram_block_wrapper.ngc"...
Applying constraints in
"C:/Users/superman/Desktop/pegasus_427/lab2/lab2hw/implementation/microblaze_0_i
lmb_wrapper.ncf" to module "microblaze_0_ilmb"...
Checking Constraint Associations...
Applying constraints in
"C:/Users/superman/Desktop/pegasus_427/lab2/lab2hw/implementation/microblaze_0_d
lmb_wrapper.ncf" to module "microblaze_0_dlmb"...
Checking Constraint Associations...
Applying constraints in
"C:/Users/superman/Desktop/pegasus_427/lab2/lab2hw/implementation/axi4lite_0_wra
pper.ncf" to module "axi4lite_0"...
WARNING:ConstraintSystem:194 - The TNM 'axi4lite_0_async_clock_conv_FFDEST',
   does not directly or indirectly drive any flip-flops, latches and/or RAMs and
   is not actively used by any referencing constraint.

WARNING:ConstraintSystem:194 - The TNM 'axi4lite_0_async_clock_conv_FFDEST',
   does not directly or indirectly drive any flip-flops, latches and/or RAMs and
   is not actively used by any referencing constraint.

Checking Constraint Associations...
INFO:NgdBuild:981 - Could not find any associations for the following
   constraint:
       '<INST
   "axi4lite_0/*_converter_bank/*clock_conv_inst/*asyncfifo_*mem/*dout_i_???"
   TNM = "axi4lite_0_async_clock_conv_FFDEST";>
   [C:/Users/superman/Desktop/pegasus_427/lab2/lab2hw/implementation/axi4lite_0_
   wrapper.ncf(6)]'
INFO:NgdBuild:981 - Could not find any associations for the following
   constraint:
       '<INST
   "axi4lite_0/*_converter_bank/*clock_conv_inst/*asyncfifo_*mem/*dout_i_????"
   TNM = "axi4lite_0_async_clock_conv_FFDEST";>
   [C:/Users/superman/Desktop/pegasus_427/lab2/lab2hw/implementation/axi4lite_0_
   wrapper.ncf(7)]'
Applying constraints in
"C:/Users/superman/Desktop/pegasus_427/lab2/lab2hw/implementation/microblaze_0_w
rapper.ncf" to module "microblaze_0"...
Checking Constraint Associations...
Gathering constraint information from source properties...
Done.

Annotating constraints to design from ucf file "system.ucf" ...
Resolving constraint associations...
Checking Constraint Associations...
WARNING:ConstraintSystem:135 - Constraint <INST
   /system/EXPANDED/system/axi4lite_0/axi4lite_0\/mi_converter_bank\/gen_conv_sl
   ot[6].clock_conv_inst\/s_axi_aresetn_resync<2>_inv1_INV_0 TNM =
   FFS:axi4lite_0_reset_resync>: No instances of type FFS were found under block
   "axi4lite_0/axi4lite_0/mi_converter_bank/gen_conv_slot[6].clock_conv_inst/s_a
   xi_aresetn_resync<2>_inv1_INV_0" (type=INV).

WARNING:ConstraintSystem:135 - Constraint <INST
   /system/EXPANDED/system/axi4lite_0/axi4lite_0\/mi_converter_bank\/gen_conv_sl
   ot[6].clock_conv_inst\/m_axi_aresetn_resync<2>_inv1_INV_0 TNM =
   FFS:axi4lite_0_reset_resync>: No instances of type FFS were found under block
   "axi4lite_0/axi4lite_0/mi_converter_bank/gen_conv_slot[6].clock_conv_inst/m_a
   xi_aresetn_resync<2>_inv1_INV_0" (type=INV).

WARNING:ConstraintSystem:135 - Constraint <INST
   /system/EXPANDED/system/axi4lite_0/axi4lite_0\/si_converter_bank\/gen_conv_sl
   ot[0].clock_conv_inst\/interconnect_aresetn_resync<2>_inv1_INV_0 TNM =
   FFS:axi4lite_0_reset_resync>: No instances of type FFS were found under block
   "axi4lite_0/axi4lite_0/si_converter_bank/gen_conv_slot[0].clock_conv_inst/int
   erconnect_aresetn_resync<2>_inv1_INV_0" (type=INV).

WARNING:ConstraintSystem:58 - Constraint <TIMEGRP axi4lite_0_reset_source = FFS
   PADS CPUS;>: CPUS "*" does not match any design objects.

WARNING:ConstraintSystem:194 - The TNM 'axi4lite_0_reset_resync', does not
   directly or indirectly drive any flip-flops, latches and/or RAMs and is not
   actively used by any referencing constraint.

WARNING:ConstraintSystem:194 - The TNM 'axi4lite_0_reset_resync', does not
   directly or indirectly drive any flip-flops, latches and/or RAMs and is not
   actively used by any referencing constraint.

WARNING:ConstraintSystem:194 - The TNM 'axi4lite_0_reset_resync', does not
   directly or indirectly drive any flip-flops, latches and/or RAMs and is not
   actively used by any referencing constraint.

INFO:ConstraintSystem:178 - TNM 'sys_clk_pin', used in period specification
   'TS_sys_clk_pin', was traced into PLL_ADV instance
   clock_generator_0/PLL0_INST/Using_PLL_ADV.PLL_ADV_inst. The following new TNM
   groups and period specifications were generated at the PLL_ADV output(s): 
   CLKOUT0: <TIMESPEC TS_clock_generator_0_clock_generator_0_SIG_PLL0_CLKOUT0 =
   PERIOD "clock_generator_0_clock_generator_0_SIG_PLL0_CLKOUT0" TS_sys_clk_pin
   HIGH 50%>

Done...

Processing BMM file "system.bmm" ...

Checking expanded design ...
WARNING:NgdBuild:443 - SFF primitive
   'microblaze_0/microblaze_0/MicroBlaze_Core_I/Performance.Decode_I/Using_FPGA.
   Gen_Bits[27].MEM_EX_Result_Inst' has unconnected output pin
WARNING:NgdBuild:478 - clock net debug_module/bscan_drck1 with clock driver
   debug_module/debug_module/BUFG_DRCK1 drives no clock pins

Partition Implementation Status
-------------------------------

  No Partitions were found in this design.

-------------------------------

NGDBUILD Design Results Summary:
  Number of errors:     0
  Number of warnings:  11

Writing NGD file "system.ngd" ...
Total REAL time to NGDBUILD completion:  34 sec
Total CPU time to NGDBUILD completion:   34 sec

Writing NGDBUILD log file "system.bld"...

NGDBUILD done.



#----------------------------------------------#
# Starting program map
# map -o system_map.ncd -w -pr b -ol high -timing -detail system.ngd system.pcf 
#----------------------------------------------#
Release 13.4 - Map O.87xd (nt64)
Copyright (c) 1995-2011 Xilinx, Inc.  All rights reserved.
PMSPEC -- Overriding Xilinx file
<C:/Xilinx/13.4/ISE_DS/EDK/data/Xdh_PrimTypeLib.xda> with local file
<C:/Xilinx/13.4/ISE_DS/ISE/data/Xdh_PrimTypeLib.xda>
Using target part "6slx45csg324-3".
vvvvvvvvvvvvvvvvvvvvvvvvvvvvvvvvvvvvvvvvvvvvvvvvvvvvvvvvvvvvvvvvvvvvvv
INFO:Security:51 - The XILINXD_LICENSE_FILE environment variable is not set.
INFO:Security:52 - The LM_LICENSE_FILE environment variable is set to
'2100@xilinxlic1.ee.byu.edu'.
INFO:Security:54 - 'xc6slx45' is a WebPack part.
WARNING:Security:43 - No license file was found in the standard Xilinx license
directory.
WARNING:Security:44 - Since no license file was found,
       please run the Xilinx License Configuration Manager
       (xlcm or "Manage Xilinx Licenses")
       to assist in obtaining a license.
WARNING:Security:42 - Your software subscription period has lapsed. Your current
version of Xilinx tools will continue to function, but you no longer qualify for
Xilinx software updates or new releases.
----------------------------------------------------------------------
Mapping design into LUTs...
WARNING:MapLib:701 - Signal pitiful_0_S_AXI_AWADDR_pin<31> connected to top
   level port pitiful_0_S_AXI_AWADDR_pin<31> has been removed.
WARNING:MapLib:701 - Signal pitiful_0_S_AXI_AWADDR_pin<30> connected to top
   level port pitiful_0_S_AXI_AWADDR_pin<30> has been removed.
WARNING:MapLib:701 - Signal pitiful_0_S_AXI_AWADDR_pin<29> connected to top
   level port pitiful_0_S_AXI_AWADDR_pin<29> has been removed.
WARNING:MapLib:701 - Signal pitiful_0_S_AXI_AWADDR_pin<28> connected to top
   level port pitiful_0_S_AXI_AWADDR_pin<28> has been removed.
WARNING:MapLib:701 - Signal pitiful_0_S_AXI_AWADDR_pin<27> connected to top
   level port pitiful_0_S_AXI_AWADDR_pin<27> has been removed.
WARNING:MapLib:701 - Signal pitiful_0_S_AXI_AWADDR_pin<26> connected to top
   level port pitiful_0_S_AXI_AWADDR_pin<26> has been removed.
WARNING:MapLib:701 - Signal pitiful_0_S_AXI_AWADDR_pin<25> connected to top
   level port pitiful_0_S_AXI_AWADDR_pin<25> has been removed.
WARNING:MapLib:701 - Signal pitiful_0_S_AXI_AWADDR_pin<24> connected to top
   level port pitiful_0_S_AXI_AWADDR_pin<24> has been removed.
WARNING:MapLib:701 - Signal pitiful_0_S_AXI_AWADDR_pin<23> connected to top
   level port pitiful_0_S_AXI_AWADDR_pin<23> has been removed.
WARNING:MapLib:701 - Signal pitiful_0_S_AXI_AWADDR_pin<22> connected to top
   level port pitiful_0_S_AXI_AWADDR_pin<22> has been removed.
WARNING:MapLib:701 - Signal pitiful_0_S_AXI_AWADDR_pin<21> connected to top
   level port pitiful_0_S_AXI_AWADDR_pin<21> has been removed.
WARNING:MapLib:701 - Signal pitiful_0_S_AXI_AWADDR_pin<20> connected to top
   level port pitiful_0_S_AXI_AWADDR_pin<20> has been removed.
WARNING:MapLib:701 - Signal pitiful_0_S_AXI_AWADDR_pin<19> connected to top
   level port pitiful_0_S_AXI_AWADDR_pin<19> has been removed.
WARNING:MapLib:701 - Signal pitiful_0_S_AXI_AWADDR_pin<18> connected to top
   level port pitiful_0_S_AXI_AWADDR_pin<18> has been removed.
WARNING:MapLib:701 - Signal pitiful_0_S_AXI_AWADDR_pin<17> connected to top
   level port pitiful_0_S_AXI_AWADDR_pin<17> has been removed.
WARNING:MapLib:701 - Signal pitiful_0_S_AXI_AWADDR_pin<16> connected to top
   level port pitiful_0_S_AXI_AWADDR_pin<16> has been removed.
WARNING:MapLib:701 - Signal pitiful_0_S_AXI_AWADDR_pin<15> connected to top
   level port pitiful_0_S_AXI_AWADDR_pin<15> has been removed.
WARNING:MapLib:701 - Signal pitiful_0_S_AXI_AWADDR_pin<14> connected to top
   level port pitiful_0_S_AXI_AWADDR_pin<14> has been removed.
WARNING:MapLib:701 - Signal pitiful_0_S_AXI_AWADDR_pin<13> connected to top
   level port pitiful_0_S_AXI_AWADDR_pin<13> has been removed.
WARNING:MapLib:701 - Signal pitiful_0_S_AXI_AWADDR_pin<12> connected to top
   level port pitiful_0_S_AXI_AWADDR_pin<12> has been removed.
WARNING:MapLib:701 - Signal pitiful_0_S_AXI_AWADDR_pin<11> connected to top
   level port pitiful_0_S_AXI_AWADDR_pin<11> has been removed.
WARNING:MapLib:701 - Signal pitiful_0_S_AXI_AWADDR_pin<10> connected to top
   level port pitiful_0_S_AXI_AWADDR_pin<10> has been removed.
WARNING:MapLib:701 - Signal pitiful_0_S_AXI_AWADDR_pin<9> connected to top level
   port pitiful_0_S_AXI_AWADDR_pin<9> has been removed.
WARNING:MapLib:701 - Signal pitiful_0_S_AXI_AWADDR_pin<8> connected to top level
   port pitiful_0_S_AXI_AWADDR_pin<8> has been removed.
WARNING:MapLib:701 - Signal pitiful_0_S_AXI_AWADDR_pin<7> connected to top level
   port pitiful_0_S_AXI_AWADDR_pin<7> has been removed.
WARNING:MapLib:701 - Signal pitiful_0_S_AXI_AWADDR_pin<6> connected to top level
   port pitiful_0_S_AXI_AWADDR_pin<6> has been removed.
WARNING:MapLib:701 - Signal pitiful_0_S_AXI_AWADDR_pin<5> connected to top level
   port pitiful_0_S_AXI_AWADDR_pin<5> has been removed.
WARNING:MapLib:701 - Signal pitiful_0_S_AXI_AWADDR_pin<4> connected to top level
   port pitiful_0_S_AXI_AWADDR_pin<4> has been removed.
WARNING:MapLib:701 - Signal pitiful_0_S_AXI_AWADDR_pin<3> connected to top level
   port pitiful_0_S_AXI_AWADDR_pin<3> has been removed.
WARNING:MapLib:701 - Signal pitiful_0_S_AXI_AWADDR_pin<1> connected to top level
   port pitiful_0_S_AXI_AWADDR_pin<1> has been removed.
WARNING:MapLib:701 - Signal pitiful_0_S_AXI_AWADDR_pin<0> connected to top level
   port pitiful_0_S_AXI_AWADDR_pin<0> has been removed.
WARNING:MapLib:701 - Signal pitiful_0_S_AXI_WSTRB_pin<3> connected to top level
   port pitiful_0_S_AXI_WSTRB_pin<3> has been removed.
WARNING:MapLib:701 - Signal pitiful_0_S_AXI_WSTRB_pin<2> connected to top level
   port pitiful_0_S_AXI_WSTRB_pin<2> has been removed.
WARNING:MapLib:701 - Signal pitiful_0_S_AXI_WSTRB_pin<1> connected to top level
   port pitiful_0_S_AXI_WSTRB_pin<1> has been removed.
WARNING:MapLib:701 - Signal pitiful_0_S_AXI_WSTRB_pin<0> connected to top level
   port pitiful_0_S_AXI_WSTRB_pin<0> has been removed.
WARNING:MapLib:701 - Signal pitiful_0_S_AXI_ARADDR_pin<31> connected to top
   level port pitiful_0_S_AXI_ARADDR_pin<31> has been removed.
WARNING:MapLib:701 - Signal pitiful_0_S_AXI_ARADDR_pin<30> connected to top
   level port pitiful_0_S_AXI_ARADDR_pin<30> has been removed.
WARNING:MapLib:701 - Signal pitiful_0_S_AXI_ARADDR_pin<29> connected to top
   level port pitiful_0_S_AXI_ARADDR_pin<29> has been removed.
WARNING:MapLib:701 - Signal pitiful_0_S_AXI_ARADDR_pin<28> connected to top
   level port pitiful_0_S_AXI_ARADDR_pin<28> has been removed.
WARNING:MapLib:701 - Signal pitiful_0_S_AXI_ARADDR_pin<27> connected to top
   level port pitiful_0_S_AXI_ARADDR_pin<27> has been removed.
WARNING:MapLib:701 - Signal pitiful_0_S_AXI_ARADDR_pin<26> connected to top
   level port pitiful_0_S_AXI_ARADDR_pin<26> has been removed.
WARNING:MapLib:701 - Signal pitiful_0_S_AXI_ARADDR_pin<25> connected to top
   level port pitiful_0_S_AXI_ARADDR_pin<25> has been removed.
WARNING:MapLib:701 - Signal pitiful_0_S_AXI_ARADDR_pin<24> connected to top
   level port pitiful_0_S_AXI_ARADDR_pin<24> has been removed.
WARNING:MapLib:701 - Signal pitiful_0_S_AXI_ARADDR_pin<23> connected to top
   level port pitiful_0_S_AXI_ARADDR_pin<23> has been removed.
WARNING:MapLib:701 - Signal pitiful_0_S_AXI_ARADDR_pin<22> connected to top
   level port pitiful_0_S_AXI_ARADDR_pin<22> has been removed.
WARNING:MapLib:701 - Signal pitiful_0_S_AXI_ARADDR_pin<21> connected to top
   level port pitiful_0_S_AXI_ARADDR_pin<21> has been removed.
WARNING:MapLib:701 - Signal pitiful_0_S_AXI_ARADDR_pin<20> connected to top
   level port pitiful_0_S_AXI_ARADDR_pin<20> has been removed.
WARNING:MapLib:701 - Signal pitiful_0_S_AXI_ARADDR_pin<19> connected to top
   level port pitiful_0_S_AXI_ARADDR_pin<19> has been removed.
WARNING:MapLib:701 - Signal pitiful_0_S_AXI_ARADDR_pin<18> connected to top
   level port pitiful_0_S_AXI_ARADDR_pin<18> has been removed.
WARNING:MapLib:701 - Signal pitiful_0_S_AXI_ARADDR_pin<17> connected to top
   level port pitiful_0_S_AXI_ARADDR_pin<17> has been removed.
WARNING:MapLib:701 - Signal pitiful_0_S_AXI_ARADDR_pin<16> connected to top
   level port pitiful_0_S_AXI_ARADDR_pin<16> has been removed.
WARNING:MapLib:701 - Signal pitiful_0_S_AXI_ARADDR_pin<15> connected to top
   level port pitiful_0_S_AXI_ARADDR_pin<15> has been removed.
WARNING:MapLib:701 - Signal pitiful_0_S_AXI_ARADDR_pin<14> connected to top
   level port pitiful_0_S_AXI_ARADDR_pin<14> has been removed.
WARNING:MapLib:701 - Signal pitiful_0_S_AXI_ARADDR_pin<13> connected to top
   level port pitiful_0_S_AXI_ARADDR_pin<13> has been removed.
WARNING:MapLib:701 - Signal pitiful_0_S_AXI_ARADDR_pin<12> connected to top
   level port pitiful_0_S_AXI_ARADDR_pin<12> has been removed.
WARNING:MapLib:701 - Signal pitiful_0_S_AXI_ARADDR_pin<11> connected to top
   level port pitiful_0_S_AXI_ARADDR_pin<11> has been removed.
WARNING:MapLib:701 - Signal pitiful_0_S_AXI_ARADDR_pin<10> connected to top
   level port pitiful_0_S_AXI_ARADDR_pin<10> has been removed.
WARNING:MapLib:701 - Signal pitiful_0_S_AXI_ARADDR_pin<9> connected to top level
   port pitiful_0_S_AXI_ARADDR_pin<9> has been removed.
WARNING:MapLib:701 - Signal pitiful_0_S_AXI_ARADDR_pin<8> connected to top level
   port pitiful_0_S_AXI_ARADDR_pin<8> has been removed.
WARNING:MapLib:701 - Signal pitiful_0_S_AXI_ARADDR_pin<7> connected to top level
   port pitiful_0_S_AXI_ARADDR_pin<7> has been removed.
WARNING:MapLib:701 - Signal pitiful_0_S_AXI_ARADDR_pin<6> connected to top level
   port pitiful_0_S_AXI_ARADDR_pin<6> has been removed.
WARNING:MapLib:701 - Signal pitiful_0_S_AXI_ARADDR_pin<5> connected to top level
   port pitiful_0_S_AXI_ARADDR_pin<5> has been removed.
WARNING:MapLib:701 - Signal pitiful_0_S_AXI_ARADDR_pin<4> connected to top level
   port pitiful_0_S_AXI_ARADDR_pin<4> has been removed.
WARNING:MapLib:701 - Signal pitiful_0_S_AXI_ARADDR_pin<3> connected to top level
   port pitiful_0_S_AXI_ARADDR_pin<3> has been removed.
WARNING:MapLib:701 - Signal pitiful_0_S_AXI_ARADDR_pin<1> connected to top level
   port pitiful_0_S_AXI_ARADDR_pin<1> has been removed.
WARNING:MapLib:701 - Signal pitiful_0_S_AXI_ARADDR_pin<0> connected to top level
   port pitiful_0_S_AXI_ARADDR_pin<0> has been removed.
Writing file system_map.ngm...
Running directed packing...
Running delay-based LUT packing...
Updating timing models...
INFO:Map:215 - The Interim Design Summary has been generated in the MAP Report
   (.mrp).
Running timing-driven placement...
Total REAL time at the beginning of Placer: 9 secs 
Total CPU  time at the beginning of Placer: 9 secs 

Phase 1.1  Initial Placement Analysis
Phase 1.1  Initial Placement Analysis (Checksum:58c737af) REAL time: 11 secs 

Phase 2.7  Design Feasibility Check
WARNING:Place:838 - An IO Bus with more than one IO standard is found.
   Components associated with this bus are as follows: 
   	 Comp: DIP_Switches_8Bits_TRI_I<0>   IOSTANDARD = LVCMOS33
   	 Comp: DIP_Switches_8Bits_TRI_I<1>   IOSTANDARD = LVCMOS33
   	 Comp: DIP_Switches_8Bits_TRI_I<2>   IOSTANDARD = LVCMOS33
   	 Comp: DIP_Switches_8Bits_TRI_I<3>   IOSTANDARD = LVCMOS33
   	 Comp: DIP_Switches_8Bits_TRI_I<4>   IOSTANDARD = LVCMOS33
   	 Comp: DIP_Switches_8Bits_TRI_I<5>   IOSTANDARD = LVCMOS33
   	 Comp: DIP_Switches_8Bits_TRI_I<6>   IOSTANDARD = LVCMOS33
   	 Comp: DIP_Switches_8Bits_TRI_I<7>   IOSTANDARD = LVCMOS18


INFO:Place:834 - Only a subset of IOs are locked. Out of 107 IOs, 25 are locked
   and 82 are not locked. If you would like to print the names of these IOs,
   please set the environment variable XIL_PAR_DESIGN_CHECK_VERBOSE to 1. 
Phase 2.7  Design Feasibility Check (Checksum:58c737af) REAL time: 11 secs 

Phase 3.31  Local Placement Optimization
Phase 3.31  Local Placement Optimization (Checksum:411b9dbf) REAL time: 11 secs 

Phase 4.2  Initial Placement for Architecture Specific Features
....
Phase 4.2  Initial Placement for Architecture Specific Features
(Checksum:fdf15953) REAL time: 23 secs 

Phase 5.36  Local Placement Optimization
Phase 5.36  Local Placement Optimization (Checksum:fdf15953) REAL time: 23 secs 

Phase 6.30  Global Clock Region Assignment
Phase 6.30  Global Clock Region Assignment (Checksum:fdf15953) REAL time: 23 secs 

Phase 7.3  Local Placement Optimization
....
Phase 7.3  Local Placement Optimization (Checksum:964f8665) REAL time: 24 secs 

Phase 8.5  Local Placement Optimization
Phase 8.5  Local Placement Optimization (Checksum:b0e4a24c) REAL time: 24 secs 

Phase 9.8  Global Placement
.................................................................
................................................................................................................................................................
...............................................
.........................
Phase 9.8  Global Placement (Checksum:873ad7eb) REAL time: 40 secs 

Phase 10.5  Local Placement Optimization
Phase 10.5  Local Placement Optimization (Checksum:873ad7eb) REAL time: 40 secs 

Phase 11.18  Placement Optimization
Phase 11.18  Placement Optimization (Checksum:33f073ef) REAL time: 45 secs 

Phase 12.5  Local Placement Optimization
Phase 12.5  Local Placement Optimization (Checksum:33f073ef) REAL time: 45 secs 

Phase 13.34  Placement Validation
Phase 13.34  Placement Validation (Checksum:381e5c99) REAL time: 46 secs 

Total REAL time to Placer completion: 50 secs 
Total CPU  time to Placer completion: 49 secs 
Running post-placement packing...
Writing output files...

Design Summary:
Number of errors:      0
Number of warnings:  125
Slice Logic Utilization:
  Number of Slice Registers:                 2,262 out of  54,576    4%
    Number used as Flip Flops:               2,224
    Number used as Latches:                     33
    Number used as Latch-thrus:                  0
    Number used as AND/OR logics:                5
  Number of Slice LUTs:                      2,713 out of  27,288    9%
    Number used as logic:                    2,465 out of  27,288    9%
      Number using O6 output only:           1,922
      Number using O5 output only:              50
      Number using O5 and O6:                  493
      Number used as ROM:                        0
    Number used as Memory:                     186 out of   6,408    2%
      Number used as Dual Port RAM:             92
        Number using O6 output only:             4
        Number using O5 output only:             2
        Number using O5 and O6:                 86
      Number used as Single Port RAM:            0
      Number used as Shift Register:            94
        Number using O6 output only:            31
        Number using O5 output only:             1
        Number using O5 and O6:                 62
    Number used exclusively as route-thrus:     62
      Number with same-slice register load:     58
      Number with same-slice carry load:         4
      Number with other load:                    0

Slice Logic Distribution:
  Number of occupied Slices:                 1,227 out of   6,822   17%
  Nummber of MUXCYs used:                      340 out of  13,644    2%
  Number of LUT Flip Flop pairs used:        3,300
    Number with an unused Flip Flop:         1,225 out of   3,300   37%
    Number with an unused LUT:                 587 out of   3,300   17%
    Number of fully used LUT-FF pairs:       1,488 out of   3,300   45%
    Number of unique control sets:             315
    Number of slice register sites lost
      to control set restrictions:           1,641 out of  54,576    3%

  A LUT Flip Flop pair for this architecture represents one LUT paired with
  one Flip Flop within a slice.  A control set is a unique combination of
  clock, reset, set, and enable signals for a registered element.
  The Slice Logic Distribution report is not meaningful if the design is
  over-mapped for a non-slice resource or if Placement fails.

IO Utilization:
  Number of bonded IOBs:                       107 out of     218   49%
    Number of LOCed IOBs:                       25 out of     107   23%
    IOB Flip Flops:                             67

Specific Feature Utilization:
  Number of RAMB16BWERs:                        16 out of     116   13%
  Number of RAMB8BWERs:                          0 out of     232    0%
  Number of BUFIO2/BUFIO2_2CLKs:                 1 out of      32    3%
    Number used as BUFIO2s:                      1
    Number used as BUFIO2_2CLKs:                 0
  Number of BUFIO2FB/BUFIO2FB_2CLKs:             0 out of      32    0%
  Number of BUFG/BUFGMUXs:                       3 out of      16   18%
    Number used as BUFGs:                        3
    Number used as BUFGMUX:                      0
  Number of DCM/DCM_CLKGENs:                     0 out of       8    0%
  Number of ILOGIC2/ISERDES2s:                  34 out of     376    9%
    Number used as ILOGIC2s:                    34
    Number used as ISERDES2s:                    0
  Number of IODELAY2/IODRP2/IODRP2_MCBs:         0 out of     376    0%
  Number of OLOGIC2/OSERDES2s:                  33 out of     376    8%
    Number used as OLOGIC2s:                    33
    Number used as OSERDES2s:                    0
  Number of BSCANs:                              1 out of       4   25%
  Number of BUFHs:                               0 out of     256    0%
  Number of BUFPLLs:                             0 out of       8    0%
  Number of BUFPLL_MCBs:                         0 out of       4    0%
  Number of DSP48A1s:                            3 out of      58    5%
  Number of ICAPs:                               0 out of       1    0%
  Number of MCBs:                                0 out of       2    0%
  Number of PCILOGICSEs:                         0 out of       2    0%
  Number of PLL_ADVs:                            1 out of       4   25%
  Number of PMVs:                                0 out of       1    0%
  Number of STARTUPs:                            0 out of       1    0%
  Number of SUSPEND_SYNCs:                       0 out of       1    0%

Average Fanout of Non-Clock Nets:                3.78

Peak Memory Usage:  550 MB
Total REAL time to MAP completion:  52 secs 
Total CPU time to MAP completion:   51 secs 

Mapping completed.
See MAP report file "system_map.mrp" for details.



#----------------------------------------------#
# Starting program par
# par -w -ol high system_map.ncd system.ncd system.pcf 
#----------------------------------------------#
Release 13.4 - par O.87xd (nt64)
Copyright (c) 1995-2011 Xilinx, Inc.  All rights reserved.
PMSPEC -- Overriding Xilinx file <C:/Xilinx/13.4/ISE_DS/EDK/data/parBmgr.acd> with local file
<C:/Xilinx/13.4/ISE_DS/ISE/data/parBmgr.acd>



Constraints file: system.pcf.
Loading device for application Rf_Device from file '6slx45.nph' in environment
C:\Xilinx\13.4\ISE_DS\ISE\;C:\Xilinx\13.4\ISE_DS\EDK.
   "system" is an NCD, version 3.2, device xc6slx45, package csg324, speed -3
vvvvvvvvvvvvvvvvvvvvvvvvvvvvvvvvvvvvvvvvvvvvvvvvvvvvvvvvvvvvvvvvvvvvvv
INFO:Security:51 - The XILINXD_LICENSE_FILE environment variable is not set.
INFO:Security:52 - The LM_LICENSE_FILE environment variable is set to '2100@xilinxlic1.ee.byu.edu'.
INFO:Security:54 - 'xc6slx45' is a WebPack part.
WARNING:Security:43 - No license file was found in the standard Xilinx license directory.
WARNING:Security:44 - Since no license file was found,
       please run the Xilinx License Configuration Manager
       (xlcm or "Manage Xilinx Licenses")
       to assist in obtaining a license.
WARNING:Security:42 - Your software subscription period has lapsed. Your current version of Xilinx tools will continue
to function, but you no longer qualify for Xilinx software updates or new releases.

----------------------------------------------------------------------

Initializing temperature to 85.000 Celsius. (default - Range: 0.000 to 85.000 Celsius)
Initializing voltage to 1.140 Volts. (default - Range: 1.140 to 1.260 Volts)


Device speed data version:  "PRODUCTION 1.21 2012-01-07".



Device Utilization Summary:

Slice Logic Utilization:
  Number of Slice Registers:                 2,262 out of  54,576    4%
    Number used as Flip Flops:               2,224
    Number used as Latches:                     33
    Number used as Latch-thrus:                  0
    Number used as AND/OR logics:                5
  Number of Slice LUTs:                      2,713 out of  27,288    9%
    Number used as logic:                    2,465 out of  27,288    9%
      Number using O6 output only:           1,922
      Number using O5 output only:              50
      Number using O5 and O6:                  493
      Number used as ROM:                        0
    Number used as Memory:                     186 out of   6,408    2%
      Number used as Dual Port RAM:             92
        Number using O6 output only:             4
        Number using O5 output only:             2
        Number using O5 and O6:                 86
      Number used as Single Port RAM:            0
      Number used as Shift Register:            94
        Number using O6 output only:            31
        Number using O5 output only:             1
        Number using O5 and O6:                 62
    Number used exclusively as route-thrus:     62
      Number with same-slice register load:     58
      Number with same-slice carry load:         4
      Number with other load:                    0

Slice Logic Distribution:
  Number of occupied Slices:                 1,227 out of   6,822   17%
  Nummber of MUXCYs used:                      340 out of  13,644    2%
  Number of LUT Flip Flop pairs used:        3,300
    Number with an unused Flip Flop:         1,225 out of   3,300   37%
    Number with an unused LUT:                 587 out of   3,300   17%
    Number of fully used LUT-FF pairs:       1,488 out of   3,300   45%
    Number of slice register sites lost
      to control set restrictions:               0 out of  54,576    0%

  A LUT Flip Flop pair for this architecture represents one LUT paired with
  one Flip Flop within a slice.  A control set is a unique combination of
  clock, reset, set, and enable signals for a registered element.
  The Slice Logic Distribution report is not meaningful if the design is
  over-mapped for a non-slice resource or if Placement fails.

IO Utilization:
  Number of bonded IOBs:                       107 out of     218   49%
    Number of LOCed IOBs:                       25 out of     107   23%
    IOB Flip Flops:                             67

Specific Feature Utilization:
  Number of RAMB16BWERs:                        16 out of     116   13%
  Number of RAMB8BWERs:                          0 out of     232    0%
  Number of BUFIO2/BUFIO2_2CLKs:                 1 out of      32    3%
    Number used as BUFIO2s:                      1
    Number used as BUFIO2_2CLKs:                 0
  Number of BUFIO2FB/BUFIO2FB_2CLKs:             0 out of      32    0%
  Number of BUFG/BUFGMUXs:                       3 out of      16   18%
    Number used as BUFGs:                        3
    Number used as BUFGMUX:                      0
  Number of DCM/DCM_CLKGENs:                     0 out of       8    0%
  Number of ILOGIC2/ISERDES2s:                  34 out of     376    9%
    Number used as ILOGIC2s:                    34
    Number used as ISERDES2s:                    0
  Number of IODELAY2/IODRP2/IODRP2_MCBs:         0 out of     376    0%
  Number of OLOGIC2/OSERDES2s:                  33 out of     376    8%
    Number used as OLOGIC2s:                    33
    Number used as OSERDES2s:                    0
  Number of BSCANs:                              1 out of       4   25%
  Number of BUFHs:                               0 out of     256    0%
  Number of BUFPLLs:                             0 out of       8    0%
  Number of BUFPLL_MCBs:                         0 out of       4    0%
  Number of DSP48A1s:                            3 out of      58    5%
  Number of ICAPs:                               0 out of       1    0%
  Number of MCBs:                                0 out of       2    0%
  Number of PCILOGICSEs:                         0 out of       2    0%
  Number of PLL_ADVs:                            1 out of       4   25%
  Number of PMVs:                                0 out of       1    0%
  Number of STARTUPs:                            0 out of       1    0%
  Number of SUSPEND_SYNCs:                       0 out of       1    0%


Overall effort level (-ol):   High 
Router effort level (-rl):    High 

INFO:Timing:3386 - Intersecting Constraints found and resolved.  For more information, see the TSI report.  Please consult the Xilinx
   Command Line Tools User Guide for information on generating a TSI report.
Starting initial Timing Analysis.  REAL time: 6 secs 
Finished initial Timing Analysis.  REAL time: 7 secs 

WARNING:Par:288 - The signal
   microblaze_0/microblaze_0/MicroBlaze_Core_I/Performance.Data_Flow_I/Register_File_I/Using_LUT6.All_RAM32M[3].ram32m_i_RAMD_D1_O has no
   load.  PAR will not attempt to route this signal.
WARNING:Par:288 - The signal
   microblaze_0/microblaze_0/MicroBlaze_Core_I/Performance.Data_Flow_I/Register_File_I/Using_LUT6.All_RAM32M[2].ram32m_i_RAMD_D1_O has no
   load.  PAR will not attempt to route this signal.
WARNING:Par:288 - The signal
   microblaze_0/microblaze_0/MicroBlaze_Core_I/Performance.Data_Flow_I/Register_File_I/Using_LUT6.All_RAM32M[0].ram32m_i_RAMD_D1_O has no
   load.  PAR will not attempt to route this signal.
WARNING:Par:288 - The signal
   microblaze_0/microblaze_0/MicroBlaze_Core_I/Performance.Data_Flow_I/Register_File_I/Using_LUT6.All_RAM32M[12].ram32m_i_RAMD_D1_O has no
   load.  PAR will not attempt to route this signal.
WARNING:Par:288 - The signal
   microblaze_0/microblaze_0/MicroBlaze_Core_I/Performance.Data_Flow_I/Register_File_I/Using_LUT6.All_RAM32M[7].ram32m_i_RAMD_D1_O has no
   load.  PAR will not attempt to route this signal.
WARNING:Par:288 - The signal
   microblaze_0/microblaze_0/MicroBlaze_Core_I/Performance.Data_Flow_I/Register_File_I/Using_LUT6.All_RAM32M[4].ram32m_i_RAMD_D1_O has no
   load.  PAR will not attempt to route this signal.
WARNING:Par:288 - The signal
   microblaze_0/microblaze_0/MicroBlaze_Core_I/Performance.Data_Flow_I/Register_File_I/Using_LUT6.All_RAM32M[1].ram32m_i_RAMD_D1_O has no
   load.  PAR will not attempt to route this signal.
WARNING:Par:288 - The signal
   microblaze_0/microblaze_0/MicroBlaze_Core_I/Performance.Data_Flow_I/Register_File_I/Using_LUT6.All_RAM32M[11].ram32m_i_RAMD_D1_O has no
   load.  PAR will not attempt to route this signal.
WARNING:Par:288 - The signal
   microblaze_0/microblaze_0/MicroBlaze_Core_I/Performance.Data_Flow_I/Register_File_I/Using_LUT6.All_RAM32M[6].ram32m_i_RAMD_D1_O has no
   load.  PAR will not attempt to route this signal.
WARNING:Par:288 - The signal
   microblaze_0/microblaze_0/MicroBlaze_Core_I/Performance.Data_Flow_I/Register_File_I/Using_LUT6.All_RAM32M[13].ram32m_i_RAMD_D1_O has no
   load.  PAR will not attempt to route this signal.
WARNING:Par:288 - The signal
   microblaze_0/microblaze_0/MicroBlaze_Core_I/Performance.Data_Flow_I/Register_File_I/Using_LUT6.All_RAM32M[14].ram32m_i_RAMD_D1_O has no
   load.  PAR will not attempt to route this signal.
WARNING:Par:288 - The signal
   microblaze_0/microblaze_0/MicroBlaze_Core_I/Performance.Data_Flow_I/Register_File_I/Using_LUT6.All_RAM32M[9].ram32m_i_RAMD_D1_O has no
   load.  PAR will not attempt to route this signal.
WARNING:Par:288 - The signal
   microblaze_0/microblaze_0/MicroBlaze_Core_I/Performance.Data_Flow_I/Register_File_I/Using_LUT6.All_RAM32M[8].ram32m_i_RAMD_D1_O has no
   load.  PAR will not attempt to route this signal.
WARNING:Par:288 - The signal
   microblaze_0/microblaze_0/MicroBlaze_Core_I/Performance.Data_Flow_I/Register_File_I/Using_LUT6.All_RAM32M[10].ram32m_i_RAMD_D1_O has no
   load.  PAR will not attempt to route this signal.
WARNING:Par:288 - The signal
   microblaze_0/microblaze_0/MicroBlaze_Core_I/Performance.Data_Flow_I/Register_File_I/Using_LUT6.All_RAM32M[5].ram32m_i_RAMD_D1_O has no
   load.  PAR will not attempt to route this signal.
WARNING:Par:288 - The signal microblaze_0_d_bram_ctrl_2_microblaze_0_bram_block_BRAM_Addr<30> has no load.  PAR will not attempt to route
   this signal.
WARNING:Par:288 - The signal
   microblaze_0/microblaze_0/MicroBlaze_Core_I/Performance.Data_Flow_I/Register_File_I/Using_LUT6.All_RAM32M[15].ram32m_i_RAMD_D1_O has no
   load.  PAR will not attempt to route this signal.
WARNING:Par:288 - The signal microblaze_0_d_bram_ctrl_2_microblaze_0_bram_block_BRAM_Addr<31> has no load.  PAR will not attempt to route
   this signal.
WARNING:Par:288 - The signal
   axi4lite_0/axi4lite_0/mi_converter_bank/gen_conv_slot[6].clock_conv_inst/gen_conv_read_ch.gen_r_async.asyncfifo_r/fifo_gen_inst/U0/xst_fi
   fo_generator/gconvfifo.rf/grf.rf/gntv_or_sync_fifo.mem/gdm.dm/Mram_RAM5_RAMD_D1_O has no load.  PAR will not attempt to route this
   signal.
WARNING:Par:288 - The signal
   axi4lite_0/axi4lite_0/mi_converter_bank/gen_conv_slot[6].clock_conv_inst/gen_conv_read_ch.gen_r_async.asyncfifo_r/fifo_gen_inst/U0/xst_fi
   fo_generator/gconvfifo.rf/grf.rf/gntv_or_sync_fifo.mem/gdm.dm/Mram_RAM4_RAMD_D1_O has no load.  PAR will not attempt to route this
   signal.
WARNING:Par:288 - The signal
   axi4lite_0/axi4lite_0/mi_converter_bank/gen_conv_slot[6].clock_conv_inst/gen_conv_read_ch.gen_r_async.asyncfifo_r/fifo_gen_inst/U0/xst_fi
   fo_generator/gconvfifo.rf/grf.rf/gntv_or_sync_fifo.mem/gdm.dm/Mram_RAM6_RAMD_D1_O has no load.  PAR will not attempt to route this
   signal.
WARNING:Par:288 - The signal
   axi4lite_0/axi4lite_0/mi_converter_bank/gen_conv_slot[6].clock_conv_inst/gen_conv_read_ch.gen_r_async.asyncfifo_r/fifo_gen_inst/U0/xst_fi
   fo_generator/gconvfifo.rf/grf.rf/gntv_or_sync_fifo.mem/gdm.dm/Mram_RAM2_RAMD_D1_O has no load.  PAR will not attempt to route this
   signal.
WARNING:Par:288 - The signal
   axi4lite_0/axi4lite_0/mi_converter_bank/gen_conv_slot[6].clock_conv_inst/gen_conv_read_ch.gen_r_async.asyncfifo_r/fifo_gen_inst/U0/xst_fi
   fo_generator/gconvfifo.rf/grf.rf/gntv_or_sync_fifo.mem/gdm.dm/Mram_RAM3_RAMD_D1_O has no load.  PAR will not attempt to route this
   signal.
WARNING:Par:288 - The signal
   axi4lite_0/axi4lite_0/mi_converter_bank/gen_conv_slot[6].clock_conv_inst/gen_conv_read_ch.gen_r_async.asyncfifo_r/fifo_gen_inst/U0/xst_fi
   fo_generator/gconvfifo.rf/grf.rf/gntv_or_sync_fifo.mem/gdm.dm/Mram_RAM1_RAMB_D1_DPO has no load.  PAR will not attempt to route this
   signal.
WARNING:Par:288 - The signal
   axi4lite_0/axi4lite_0/mi_converter_bank/gen_conv_slot[6].clock_conv_inst/gen_conv_read_ch.gen_r_async.asyncfifo_r/fifo_gen_inst/U0/xst_fi
   fo_generator/gconvfifo.rf/grf.rf/gntv_or_sync_fifo.mem/gdm.dm/Mram_RAM1_RAMD_D1_O has no load.  PAR will not attempt to route this
   signal.
WARNING:Par:288 - The signal
   axi4lite_0/axi4lite_0/mi_protocol_conv_bank/gen_protocol_slot[6].gen_prot_conv.conv_inst/gen_axilite.gen_axilite_conv.axilite_conv_inst/s
   _axid_0 has no load.  PAR will not attempt to route this signal.
Starting Router


Phase  1  : 19101 unrouted;      REAL time: 8 secs 

Phase  2  : 15330 unrouted;      REAL time: 9 secs 

Phase  3  : 6329 unrouted;      REAL time: 15 secs 

Phase  4  : 6329 unrouted; (Setup:0, Hold:0, Component Switching Limit:0)     REAL time: 16 secs 

Updating file: system.ncd with current fully routed design.

Phase  5  : 0 unrouted; (Setup:0, Hold:0, Component Switching Limit:0)     REAL time: 23 secs 

Phase  6  : 0 unrouted; (Setup:0, Hold:0, Component Switching Limit:0)     REAL time: 23 secs 

Phase  7  : 0 unrouted; (Setup:0, Hold:0, Component Switching Limit:0)     REAL time: 23 secs 

Phase  8  : 0 unrouted; (Setup:0, Hold:0, Component Switching Limit:0)     REAL time: 23 secs 

Phase  9  : 0 unrouted; (Setup:0, Hold:0, Component Switching Limit:0)     REAL time: 23 secs 

Phase 10  : 0 unrouted; (Setup:0, Hold:0, Component Switching Limit:0)     REAL time: 23 secs 
Total REAL time to Router completion: 23 secs 
Total CPU time to Router completion: 21 secs 

Partition Implementation Status
-------------------------------

  No Partitions were found in this design.

-------------------------------

Generating "PAR" statistics.

**************************
Generating Clock Report
**************************

+---------------------+--------------+------+------+------------+-------------+
|        Clock Net    |   Resource   |Locked|Fanout|Net Skew(ns)|Max Delay(ns)|
+---------------------+--------------+------+------+------------+-------------+
|     clk_100_0000MHz |  BUFGMUX_X2Y3| No   |  848 |  0.511     |  1.722      |
+---------------------+--------------+------+------+------------+-------------+
|pitiful_0_S_AXI_ACLK |              |      |      |            |             |
|          _pin_BUFGP | BUFGMUX_X3Y13| No   |  230 |  0.541     |  1.752      |
+---------------------+--------------+------+------+------------+-------------+
|microblaze_0_debug_D |              |      |      |            |             |
|              bg_Clk |  BUFGMUX_X2Y2| No   |   61 |  0.056     |  1.273      |
+---------------------+--------------+------+------+------------+-------------+
|pitiful_0/pitiful_0/ |              |      |      |            |             |
|USER_LOGIC_I/slv_reg |              |      |      |            |             |
|0[3]_GND_18_o_AND_61 |              |      |      |            |             |
|                  _o |         Local|      |    2 |  0.000     |  0.729      |
+---------------------+--------------+------+------+------------+-------------+
|pitiful_0/pitiful_0/ |              |      |      |            |             |
|USER_LOGIC_I/slv_reg |              |      |      |            |             |
|0[3]_GND_18_o_AND_59 |              |      |      |            |             |
|                  _o |         Local|      |    2 |  0.000     |  0.286      |
+---------------------+--------------+------+------+------------+-------------+
|microblaze_0_debug_D |              |      |      |            |             |
|           bg_Update |         Local|      |   21 |  4.423     |  6.806      |
+---------------------+--------------+------+------+------------+-------------+
|pitiful_0/pitiful_0/ |              |      |      |            |             |
|USER_LOGIC_I/slv_reg |              |      |      |            |             |
|                0<3> |         Local|      |   73 |  0.000     |  3.023      |
+---------------------+--------------+------+------+------------+-------------+
|pitiful_0/pitiful_0/ |              |      |      |            |             |
|USER_LOGIC_I/slv_reg |              |      |      |            |             |
|0[3]_GND_18_o_AND_21 |              |      |      |            |             |
|                  _o |         Local|      |    2 |  0.000     |  0.469      |
+---------------------+--------------+------+------+------------+-------------+
|pitiful_0/pitiful_0/ |              |      |      |            |             |
|USER_LOGIC_I/slv_reg |              |      |      |            |             |
|0[3]_GND_18_o_AND_31 |              |      |      |            |             |
|                  _o |         Local|      |    2 |  0.000     |  0.286      |
+---------------------+--------------+------+------+------------+-------------+
|pitiful_0/pitiful_0/ |              |      |      |            |             |
|USER_LOGIC_I/slv_reg |              |      |      |            |             |
|0[3]_GND_18_o_AND_23 |              |      |      |            |             |
|                  _o |         Local|      |    2 |  0.000     |  0.473      |
+---------------------+--------------+------+------+------------+-------------+
|pitiful_0/pitiful_0/ |              |      |      |            |             |
|USER_LOGIC_I/slv_reg |              |      |      |            |             |
|0[3]_GND_18_o_AND_15 |              |      |      |            |             |
|                  _o |         Local|      |    2 |  0.000     |  0.493      |
+---------------------+--------------+------+------+------------+-------------+
|pitiful_0/pitiful_0/ |              |      |      |            |             |
|USER_LOGIC_I/slv_reg |              |      |      |            |             |
|0[3]_GND_18_o_AND_41 |              |      |      |            |             |
|                  _o |         Local|      |    2 |  0.000     |  0.286      |
+---------------------+--------------+------+------+------------+-------------+
|pitiful_0/pitiful_0/ |              |      |      |            |             |
|USER_LOGIC_I/slv_reg |              |      |      |            |             |
|0[3]_GND_18_o_AND_33 |              |      |      |            |             |
|                  _o |         Local|      |    2 |  0.000     |  0.412      |
+---------------------+--------------+------+------+------------+-------------+
|pitiful_0/pitiful_0/ |              |      |      |            |             |
|USER_LOGIC_I/slv_reg |              |      |      |            |             |
|0[3]_GND_18_o_AND_25 |              |      |      |            |             |
|                  _o |         Local|      |    2 |  0.000     |  0.306      |
+---------------------+--------------+------+------+------------+-------------+
|pitiful_0/pitiful_0/ |              |      |      |            |             |
|USER_LOGIC_I/slv_reg |              |      |      |            |             |
|0[3]_GND_18_o_AND_17 |              |      |      |            |             |
|                  _o |         Local|      |    2 |  0.000     |  0.306      |
+---------------------+--------------+------+------+------------+-------------+
|pitiful_0/pitiful_0/ |              |      |      |            |             |
|USER_LOGIC_I/slv_reg |              |      |      |            |             |
|0[3]_GND_18_o_AND_51 |              |      |      |            |             |
|                  _o |         Local|      |    2 |  0.000     |  0.495      |
+---------------------+--------------+------+------+------------+-------------+
|pitiful_0/pitiful_0/ |              |      |      |            |             |
|USER_LOGIC_I/slv_reg |              |      |      |            |             |
|0[3]_GND_18_o_AND_43 |              |      |      |            |             |
|                  _o |         Local|      |    2 |  0.000     |  0.477      |
+---------------------+--------------+------+------+------------+-------------+
|pitiful_0/pitiful_0/ |              |      |      |            |             |
|USER_LOGIC_I/slv_reg |              |      |      |            |             |
|0[3]_GND_18_o_AND_35 |              |      |      |            |             |
|                  _o |         Local|      |    2 |  0.000     |  0.314      |
+---------------------+--------------+------+------+------------+-------------+
|pitiful_0/pitiful_0/ |              |      |      |            |             |
|USER_LOGIC_I/slv_reg |              |      |      |            |             |
|0[3]_GND_18_o_AND_27 |              |      |      |            |             |
|                  _o |         Local|      |    2 |  0.000     |  0.316      |
+---------------------+--------------+------+------+------------+-------------+
|pitiful_0/pitiful_0/ |              |      |      |            |             |
|USER_LOGIC_I/slv_reg |              |      |      |            |             |
|0[3]_GND_18_o_AND_19 |              |      |      |            |             |
|                  _o |         Local|      |    2 |  0.000     |  0.628      |
+---------------------+--------------+------+------+------------+-------------+
|pitiful_0/pitiful_0/ |              |      |      |            |             |
|USER_LOGIC_I/slv_reg |              |      |      |            |             |
|0[3]_GND_18_o_AND_53 |              |      |      |            |             |
|                  _o |         Local|      |    2 |  0.000     |  0.512      |
+---------------------+--------------+------+------+------------+-------------+
|pitiful_0/pitiful_0/ |              |      |      |            |             |
|USER_LOGIC_I/slv_reg |              |      |      |            |             |
|0[3]_GND_18_o_AND_45 |              |      |      |            |             |
|                  _o |         Local|      |    2 |  0.000     |  0.474      |
+---------------------+--------------+------+------+------------+-------------+
|pitiful_0/pitiful_0/ |              |      |      |            |             |
|USER_LOGIC_I/slv_reg |              |      |      |            |             |
|0[3]_GND_18_o_AND_37 |              |      |      |            |             |
|                  _o |         Local|      |    2 |  0.000     |  1.048      |
+---------------------+--------------+------+------+------------+-------------+
|pitiful_0/pitiful_0/ |              |      |      |            |             |
|USER_LOGIC_I/slv_reg |              |      |      |            |             |
|0[3]_GND_18_o_AND_29 |              |      |      |            |             |
|                  _o |         Local|      |    2 |  0.000     |  0.472      |
+---------------------+--------------+------+------+------------+-------------+
|pitiful_0/pitiful_0/ |              |      |      |            |             |
|USER_LOGIC_I/slv_reg |              |      |      |            |             |
|0[3]_GND_18_o_AND_71 |              |      |      |            |             |
|                  _o |         Local|      |    2 |  0.000     |  0.314      |
+---------------------+--------------+------+------+------------+-------------+
|pitiful_0/pitiful_0/ |              |      |      |            |             |
|USER_LOGIC_I/slv_reg |              |      |      |            |             |
|0[3]_GND_18_o_AND_63 |              |      |      |            |             |
|                  _o |         Local|      |    2 |  0.000     |  0.285      |
+---------------------+--------------+------+------+------------+-------------+
|pitiful_0/pitiful_0/ |              |      |      |            |             |
|USER_LOGIC_I/slv_reg |              |      |      |            |             |
|0[3]_GND_18_o_AND_55 |              |      |      |            |             |
|                  _o |         Local|      |    2 |  0.000     |  0.681      |
+---------------------+--------------+------+------+------------+-------------+
|pitiful_0/pitiful_0/ |              |      |      |            |             |
|USER_LOGIC_I/slv_reg |              |      |      |            |             |
|0[3]_GND_18_o_AND_47 |              |      |      |            |             |
|                  _o |         Local|      |    2 |  0.000     |  0.468      |
+---------------------+--------------+------+------+------------+-------------+
|pitiful_0/pitiful_0/ |              |      |      |            |             |
|USER_LOGIC_I/slv_reg |              |      |      |            |             |
|0[3]_GND_18_o_AND_39 |              |      |      |            |             |
|                  _o |         Local|      |    2 |  0.000     |  0.534      |
+---------------------+--------------+------+------+------------+-------------+
|pitiful_0/pitiful_0/ |              |      |      |            |             |
|USER_LOGIC_I/slv_reg |              |      |      |            |             |
|0[3]_GND_18_o_AND_77 |              |      |      |            |             |
|                  _o |         Local|      |    2 |  0.000     |  0.497      |
+---------------------+--------------+------+------+------------+-------------+
|pitiful_0/pitiful_0/ |              |      |      |            |             |
|USER_LOGIC_I/slv_reg |              |      |      |            |             |
|0[3]_GND_18_o_AND_73 |              |      |      |            |             |
|                  _o |         Local|      |    2 |  0.000     |  0.307      |
+---------------------+--------------+------+------+------------+-------------+
|pitiful_0/pitiful_0/ |              |      |      |            |             |
|USER_LOGIC_I/slv_reg |              |      |      |            |             |
|0[3]_GND_18_o_AND_65 |              |      |      |            |             |
|                  _o |         Local|      |    2 |  0.000     |  0.311      |
+---------------------+--------------+------+------+------------+-------------+
|pitiful_0/pitiful_0/ |              |      |      |            |             |
|USER_LOGIC_I/slv_reg |              |      |      |            |             |
|0[3]_GND_18_o_AND_57 |              |      |      |            |             |
|                  _o |         Local|      |    2 |  0.000     |  0.491      |
+---------------------+--------------+------+------+------------+-------------+
|pitiful_0/pitiful_0/ |              |      |      |            |             |
|USER_LOGIC_I/slv_reg |              |      |      |            |             |
|0[3]_GND_18_o_AND_49 |              |      |      |            |             |
|                  _o |         Local|      |    2 |  0.000     |  0.446      |
+---------------------+--------------+------+------+------------+-------------+
|pitiful_0/pitiful_0/ |              |      |      |            |             |
|USER_LOGIC_I/slv_reg |              |      |      |            |             |
|0[3]_GND_18_o_AND_75 |              |      |      |            |             |
|                  _o |         Local|      |    2 |  0.000     |  0.310      |
+---------------------+--------------+------+------+------------+-------------+
|pitiful_0/pitiful_0/ |              |      |      |            |             |
|USER_LOGIC_I/slv_reg |              |      |      |            |             |
|0[3]_GND_18_o_AND_67 |              |      |      |            |             |
|                  _o |         Local|      |    2 |  0.000     |  0.487      |
+---------------------+--------------+------+------+------------+-------------+
|pitiful_0/pitiful_0/ |              |      |      |            |             |
|USER_LOGIC_I/slv_reg |              |      |      |            |             |
|0[3]_GND_18_o_AND_69 |              |      |      |            |             |
|                  _o |         Local|      |    2 |  0.000     |  0.289      |
+---------------------+--------------+------+------+------------+-------------+
|RS232_Uart_1_Interru |              |      |      |            |             |
|                  pt |         Local|      |    1 |  0.000     |  1.141      |
+---------------------+--------------+------+------+------------+-------------+
|fit_timer_0_Interrup |              |      |      |            |             |
|                   t |         Local|      |    1 |  0.000     |  1.742      |
+---------------------+--------------+------+------+------------+-------------+

* Net Skew is the difference between the minimum and maximum routing
only delays for the net. Note this is different from Clock Skew which
is reported in TRCE timing report. Clock Skew is the difference between
the minimum and maximum path delays which includes logic delays.

* The fanout is the number of component pins not the individual BEL loads,
for example SLICE loads not FF loads.

Timing Score: 0 (Setup: 0, Hold: 0, Component Switching Limit: 0)

Number of Timing Constraints that were not applied: 1

Asterisk (*) preceding a constraint indicates it was not met.
   This may be due to a setup or hold violation.

----------------------------------------------------------------------------------------------------------
  Constraint                                |    Check    | Worst Case |  Best Case | Timing |   Timing   
                                            |             |    Slack   | Achievable | Errors |    Score   
----------------------------------------------------------------------------------------------------------
  TS_clock_generator_0_clock_generator_0_SI | SETUP       |     0.719ns|     9.281ns|       0|           0
  G_PLL0_CLKOUT0 = PERIOD TIMEGRP         " | HOLD        |     0.190ns|            |       0|           0
  clock_generator_0_clock_generator_0_SIG_P |             |            |            |        |            
  LL0_CLKOUT0" TS_sys_clk_pin         HIGH  |             |            |            |        |            
  50%                                       |             |            |            |        |            
----------------------------------------------------------------------------------------------------------
  TS_sys_clk_pin = PERIOD TIMEGRP "sys_clk_ | MINLOWPULSE |     6.666ns|     3.334ns|       0|           0
  pin" 100 MHz HIGH 50%                     |             |            |            |        |            
----------------------------------------------------------------------------------------------------------
  TS_axi4lite_0_async_clock_conv = MAXDELAY | SETUP       |     7.943ns|     2.057ns|       0|           0
   FROM TIMEGRP "RAMS" TO TIMEGRP         " | HOLD        |     0.724ns|            |       0|           0
  axi4lite_0_async_clock_conv_FFDEST" 10 ns |             |            |            |        |            
   DATAPATHONLY                             |             |            |            |        |            
----------------------------------------------------------------------------------------------------------
  PATH "TS_TIG_microblaze_0_Reset_path" TIG | SETUP       |         N/A|     3.317ns|     N/A|           0
----------------------------------------------------------------------------------------------------------
  PATH "TS_TIG_microblaze_0_Interrupt_path" | SETUP       |         N/A|     2.072ns|     N/A|           0
   TIG                                      |             |            |            |        |            
----------------------------------------------------------------------------------------------------------
  PATH "TS_axi4lite_0_reset_resync_path" TI | SETUP       |         N/A|     5.073ns|     N/A|           0
  G                                         |             |            |            |        |            
----------------------------------------------------------------------------------------------------------
  PATH "TS_TIG_microblaze_0_dlmb_POR_FF_I_p | SETUP       |         N/A|     1.376ns|     N/A|           0
  ath" TIG                                  |             |            |            |        |            
----------------------------------------------------------------------------------------------------------
  PATH "TS_TIG_microblaze_0_ilmb_POR_FF_I_p | SETUP       |         N/A|     2.184ns|     N/A|           0
  ath" TIG                                  |             |            |            |        |            
----------------------------------------------------------------------------------------------------------


Derived Constraint Report
Review Timing Report for more details on the following derived constraints.
To create a Timing Report, run "trce -v 12 -fastpaths -o design_timing_report design.ncd design.pcf"
or "Run Timing Analysis" from Timing Analyzer (timingan).
Derived Constraints for TS_sys_clk_pin
+-------------------------------+-------------+-------------+-------------+-------------+-------------+-------------+-------------+
|                               |   Period    |       Actual Period       |      Timing Errors        |      Paths Analyzed       |
|           Constraint          | Requirement |-------------+-------------|-------------+-------------|-------------+-------------|
|                               |             |   Direct    | Derivative  |   Direct    | Derivative  |   Direct    | Derivative  |
+-------------------------------+-------------+-------------+-------------+-------------+-------------+-------------+-------------+
|TS_sys_clk_pin                 |     10.000ns|      3.334ns|      9.281ns|            0|            0|            0|       271898|
| TS_clock_generator_0_clock_gen|     10.000ns|      9.281ns|          N/A|            0|            0|       271898|            0|
| erator_0_SIG_PLL0_CLKOUT0     |             |             |             |             |             |             |             |
+-------------------------------+-------------+-------------+-------------+-------------+-------------+-------------+-------------+

All constraints were met.
INFO:Timing:2761 - N/A entries in the Constraints List may indicate that the 
   constraint is not analyzed due to the following: No paths covered by this 
   constraint; Other constraints intersect with this constraint; or This 
   constraint was disabled by a Path Tracing Control. Please run the Timespec 
   Interaction Report (TSI) via command line (trce tsi) or Timing Analyzer GUI.


Generating Pad Report.

All signals are completely routed.

WARNING:Par:283 - There are 26 loadless signals in this design. This design will cause Bitgen to issue DRC warnings.

Total REAL time to PAR completion: 34 secs 
Total CPU time to PAR completion: 22 secs 

Peak Memory Usage:  489 MB

Placer: Placement generated during map.
Routing: Completed - No errors found.
Timing: Completed - No errors found.

Number of error messages: 0
Number of warning messages: 28
Number of info messages: 1

Writing design to file system.ncd



PAR done!



#----------------------------------------------#
# Starting program post_par_trce
# trce -e 3 -xml system.twx system.ncd system.pcf 
#----------------------------------------------#
Release 13.4 - Trace  (nt64)
Copyright (c) 1995-2011 Xilinx, Inc.  All rights reserved.


PMSPEC -- Overriding Xilinx file
<C:/Xilinx/13.4/ISE_DS/EDK/spartan6/data/spartan6.acd> with local file
<C:/Xilinx/13.4/ISE_DS/ISE/spartan6/data/spartan6.acd>
Loading device for application Rf_Device from file '6slx45.nph' in environment
C:\Xilinx\13.4\ISE_DS\ISE\;C:\Xilinx\13.4\ISE_DS\EDK.
   "system" is an NCD, version 3.2, device xc6slx45, package csg324, speed -3
INFO:Timing:3386 - Intersecting Constraints found and resolved.  For more
   information, see the TSI report.  Please consult the Xilinx Command Line
   Tools User Guide for information on generating a TSI report.
--------------------------------------------------------------------------------
Release 13.4 Trace  (nt64)
Copyright (c) 1995-2011 Xilinx, Inc.  All rights reserved.

C:\Xilinx\13.4\ISE_DS\ISE\bin\nt64\unwrapped\trce.exe -e 3 -xml system.twx
system.ncd system.pcf


Design file:              system.ncd
Physical constraint file: system.pcf
Device,speed:             xc6slx45,-3 (PRODUCTION 1.21 2012-01-07)
Report level:             error report
--------------------------------------------------------------------------------

INFO:Timing:3412 - To improve timing, see the Timing Closure User Guide (UG612).
INFO:Timing:2752 - To get complete path coverage, use the unconstrained paths option. All paths that are not constrained will be reported in
   the unconstrained paths section(s) of the report.
INFO:Timing:3339 - The clock-to-out numbers in this timing report are based on a 50 Ohm transmission line loading model.  For the details of
   this model, and for more information on accounting for different loading conditions, please see the device datasheet.


Timing summary:
---------------

Timing errors: 0  Score: 0 (Setup/Max: 0, Hold: 0)

Constraints cover 271963 paths, 0 nets, and 13260 connections

Design statistics:
   Minimum period:   9.281ns (Maximum frequency: 107.747MHz)
   Maximum path delay from/to any node:   2.057ns


Analysis completed Thu Nov 03 15:36:57 2016
--------------------------------------------------------------------------------

Generating Report ...

Number of warnings: 0
Number of info messages: 4
Total time: 6 secs 


