Release 13.4 - platgen Xilinx EDK 13.4 Build EDK_O.87xd
 (nt64)
Copyright (c) 1995-2011 Xilinx, Inc.  All rights reserved.

Command Line: platgen -p xc6slx45csg324-3 -lang vhdl -intstyle default -lp
C:/EE427/Atlys_BSB_Support_v_3_4/Atlys_AXI_BSB_Support/lib/ -msg
__xps/ise/xmsgprops.lst system.mhs 

WARNING:EDK - INFO:Security:51 - The XILINXD_LICENSE_FILE environment variable
   is not set.
   INFO:Security:52 - The LM_LICENSE_FILE environment variable is set to
   '2100@xilinxlic1.ee.byu.edu'.
   INFO:Security:71 - If a license for part 'xc6slx45' is available, it will be
   possible to use 'XPS_TDP' instead of 'XPS'.
   WARNING:Security:43 - No license file was found in the standard Xilinx
   license directory.
   WARNING:Security:44 - Since no license file was found,
          please run the Xilinx License Configuration Manager
          (xlcm or "Manage Xilinx Licenses")
          to assist in obtaining a license.
   WARNING:Security:42 - Your software subscription period has lapsed. Your
   current version of Xilinx tools will continue to function, but you no longer
   qualify for Xilinx software updates or new releases.


Parse C:/Users/superman/Desktop/pegasus_427/lab2/lab2hw/system.mhs ...

Read MPD definitions ...
WARNING:EDK:3605 - Use of the repository located at
   C:\Xilinx\13.4\ISE_DS\edk_user_repository\ 
   (equivalent of $XILINX_EDK/../edk_user_repository) is now deprecated. 
   It is recommended that you use Global SearchPath preference to specify search
   paths that apply to all the projects.

Overriding IP level properties ...
INFO:EDK:4130 - IPNAME: axi_intc, INSTANCE:microblaze_0_intc - tcl is overriding
   PARAMETER C_NUM_INTR_INPUTS value to 5 -
   C:\Xilinx\13.4\ISE_DS\EDK\hw\XilinxProcessorIPLib\pcores\axi_intc_v1_01_a\dat
   a\axi_intc_v2_1_0.mpd line 80 
INFO:EDK:4130 - IPNAME: microblaze, INSTANCE:microblaze_0 - tcl is overriding
   PARAMETER C_ENDIANNESS value to 1 -
   C:\Xilinx\13.4\ISE_DS\EDK\hw\XilinxProcessorIPLib\pcores\microblaze_v8_20_b\d
   ata\microblaze_v2_1_0.mpd line 195 
INFO:EDK:4130 - IPNAME: microblaze, INSTANCE:microblaze_0 - tcl is overriding
   PARAMETER C_ICACHE_USE_FSL value to 0 -
   C:\Xilinx\13.4\ISE_DS\EDK\hw\XilinxProcessorIPLib\pcores\microblaze_v8_20_b\d
   ata\microblaze_v2_1_0.mpd line 334 
INFO:EDK:4130 - IPNAME: microblaze, INSTANCE:microblaze_0 - tcl is overriding
   PARAMETER C_DCACHE_USE_FSL value to 0 -
   C:\Xilinx\13.4\ISE_DS\EDK\hw\XilinxProcessorIPLib\pcores\microblaze_v8_20_b\d
   ata\microblaze_v2_1_0.mpd line 364 
INFO:EDK:4130 - IPNAME: axi_interconnect, INSTANCE:axi4lite_0 - tcl is
   overriding PARAMETER C_BASEFAMILY value to spartan6 -
   C:\Xilinx\13.4\ISE_DS\EDK\hw\XilinxProcessorIPLib\pcores\axi_interconnect_v1_
   05_a\data\axi_interconnect_v2_1_0.mpd line 78 

Computing clock values...
INFO:EDK:1432 - Frequency for Top-Level Input Clock 'pitiful_0_S_AXI_ACLK_pin'
   is not specified. Clock DRCs will not be performed for IPs connected to that
   clock port, unless they are connected through the clock generator IP. 

INFO:EDK:740 - Cannot determine the input clock associated with port :
   microblaze_0_i_bram_ctrl:BRAM_Clk_A. Clock DRCs will not be performed on this
   core and cores connected to it. 
INFO:EDK:740 - Cannot determine the input clock associated with port :
   microblaze_0_d_bram_ctrl:BRAM_Clk_A. Clock DRCs will not be performed on this
   core and cores connected to it. 
INFO:EDK:3715 - IPNAME: pitiful, INSTANCE: pitiful_0 - Tools are unable to
   determine the clock frequency of the bus interface S_AXI by tracing the clock
   ports. Tools are updating the value of the parameter
   C_INTERCONNECT_S_AXI_IS_ACLK_ASYNC to '1'. 

Performing IP level DRCs on properties...

Running DRC Tcl procedures for OPTION IPLEVEL_DRC_PROC...
Address Map for Processor microblaze_0
  (0000000000-0x00007fff) microblaze_0_d_bram_ctrl	microblaze_0_dlmb
  (0000000000-0x00007fff) microblaze_0_i_bram_ctrl	microblaze_0_ilmb
  (0x40000000-0x4000ffff) Push_Buttons_5Bits	axi4lite_0
  (0x40020000-0x4002ffff) LEDs_8Bits	axi4lite_0
  (0x40040000-0x4004ffff) DIP_Switches_8Bits	axi4lite_0
  (0x40600000-0x4060ffff) RS232_Uart_1	axi4lite_0
  (0x41200000-0x4120ffff) microblaze_0_intc	axi4lite_0
  (0x41400000-0x4140ffff) debug_module	axi4lite_0
  (0x7c600000-0x7c60ffff) pitiful_0	axi4lite_0
INFO:EDK:4130 - IPNAME: lmb_v10, INSTANCE:microblaze_0_ilmb - tool is overriding
   PARAMETER C_LMB_NUM_SLAVES value to 1 -
   C:\Xilinx\13.4\ISE_DS\EDK\hw\XilinxProcessorIPLib\pcores\lmb_v10_v2_00_b\data
   \lmb_v10_v2_1_0.mpd line 80 
INFO:EDK:4130 - IPNAME: lmb_v10, INSTANCE:microblaze_0_dlmb - tool is overriding
   PARAMETER C_LMB_NUM_SLAVES value to 1 -
   C:\Xilinx\13.4\ISE_DS\EDK\hw\XilinxProcessorIPLib\pcores\lmb_v10_v2_00_b\data
   \lmb_v10_v2_1_0.mpd line 80 
INFO:EDK:4130 - IPNAME: bram_block, INSTANCE:microblaze_0_bram_block - tool is
   overriding PARAMETER C_MEMSIZE value to 0x8000 -
   C:\Xilinx\13.4\ISE_DS\EDK\hw\XilinxProcessorIPLib\pcores\bram_block_v1_00_a\d
   ata\bram_block_v2_1_0.mpd line 76 

Checking platform address map ...

Checking platform configuration ...
IPNAME: lmb_v10, INSTANCE: microblaze_0_ilmb - 1 master(s) : 1 slave(s) 
IPNAME: lmb_v10, INSTANCE: microblaze_0_dlmb - 1 master(s) : 1 slave(s) 
IPNAME: axi_interconnect, INSTANCE: axi4lite_0 - 1 master(s) : 7 slave(s) 

Checking port drivers...
WARNING:EDK:4180 - PORT: bscan_tdo1, CONNECTOR: bscan_tdo1 - No driver found.
   Port will be driven to GND -
   C:\Xilinx\13.4\ISE_DS\EDK\hw\XilinxProcessorIPLib\pcores\mdm_v2_00_b\data\mdm
   _v2_1_0.mpd line 239 
WARNING:EDK:4181 - PORT: bscan_tdi, CONNECTOR: bscan_tdi - floating connection -
   C:\Xilinx\13.4\ISE_DS\EDK\hw\XilinxProcessorIPLib\pcores\mdm_v2_00_b\data\mdm
   _v2_1_0.mpd line 232 
WARNING:EDK:4181 - PORT: bscan_reset, CONNECTOR: bscan_reset - floating
   connection -
   C:\Xilinx\13.4\ISE_DS\EDK\hw\XilinxProcessorIPLib\pcores\mdm_v2_00_b\data\mdm
   _v2_1_0.mpd line 233 
WARNING:EDK:4181 - PORT: bscan_shift, CONNECTOR: bscan_shift - floating
   connection -
   C:\Xilinx\13.4\ISE_DS\EDK\hw\XilinxProcessorIPLib\pcores\mdm_v2_00_b\data\mdm
   _v2_1_0.mpd line 234 
WARNING:EDK:4181 - PORT: bscan_update, CONNECTOR: bscan_update - floating
   connection -
   C:\Xilinx\13.4\ISE_DS\EDK\hw\XilinxProcessorIPLib\pcores\mdm_v2_00_b\data\mdm
   _v2_1_0.mpd line 235 
WARNING:EDK:4181 - PORT: bscan_capture, CONNECTOR: bscan_capture - floating
   connection -
   C:\Xilinx\13.4\ISE_DS\EDK\hw\XilinxProcessorIPLib\pcores\mdm_v2_00_b\data\mdm
   _v2_1_0.mpd line 236 
WARNING:EDK:4181 - PORT: bscan_sel1, CONNECTOR: bscan_sel1 - floating connection
   -
   C:\Xilinx\13.4\ISE_DS\EDK\hw\XilinxProcessorIPLib\pcores\mdm_v2_00_b\data\mdm
   _v2_1_0.mpd line 237 
WARNING:EDK:4181 - PORT: bscan_drck1, CONNECTOR: bscan_drck1 - floating
   connection -
   C:\Xilinx\13.4\ISE_DS\EDK\hw\XilinxProcessorIPLib\pcores\mdm_v2_00_b\data\mdm
   _v2_1_0.mpd line 238 

Performing Clock DRCs...

Performing Reset DRCs...

Overriding system level properties...
INFO:EDK:4130 - IPNAME: axi_intc, INSTANCE:microblaze_0_intc - tcl is overriding
   PARAMETER C_KIND_OF_INTR value to 0b11111111111111111111111111100101 -
   C:\Xilinx\13.4\ISE_DS\EDK\hw\XilinxProcessorIPLib\pcores\axi_intc_v1_01_a\dat
   a\axi_intc_v2_1_0.mpd line 81 
INFO:EDK:4130 - IPNAME: axi_intc, INSTANCE:microblaze_0_intc - tcl is overriding
   PARAMETER C_KIND_OF_EDGE value to 0b11111111111111111111111111111111 -
   C:\Xilinx\13.4\ISE_DS\EDK\hw\XilinxProcessorIPLib\pcores\axi_intc_v1_01_a\dat
   a\axi_intc_v2_1_0.mpd line 82 
INFO:EDK:4130 - IPNAME: axi_intc, INSTANCE:microblaze_0_intc - tcl is overriding
   PARAMETER C_KIND_OF_LVL value to 0b11111111111111111111111111111111 -
   C:\Xilinx\13.4\ISE_DS\EDK\hw\XilinxProcessorIPLib\pcores\axi_intc_v1_01_a\dat
   a\axi_intc_v2_1_0.mpd line 83 
INFO:EDK:4130 - IPNAME: lmb_bram_if_cntlr, INSTANCE:microblaze_0_i_bram_ctrl -
   tcl is overriding PARAMETER C_MASK value to 0x40000000 -
   C:\Xilinx\13.4\ISE_DS\EDK\hw\XilinxProcessorIPLib\pcores\lmb_bram_if_cntlr_v3
   _00_b\data\lmb_bram_if_cntlr_v2_1_0.mpd line 87 
INFO:EDK:4130 - IPNAME: lmb_bram_if_cntlr, INSTANCE:microblaze_0_d_bram_ctrl -
   tcl is overriding PARAMETER C_MASK value to 0x40000000 -
   C:\Xilinx\13.4\ISE_DS\EDK\hw\XilinxProcessorIPLib\pcores\lmb_bram_if_cntlr_v3
   _00_b\data\lmb_bram_if_cntlr_v2_1_0.mpd line 87 
INFO:EDK:4130 - IPNAME: microblaze, INSTANCE:microblaze_0 - tcl is overriding
   PARAMETER C_D_AXI value to 1 -
   C:\Xilinx\13.4\ISE_DS\EDK\hw\XilinxProcessorIPLib\pcores\microblaze_v8_20_b\d
   ata\microblaze_v2_1_0.mpd line 228 
INFO:EDK:4130 - IPNAME: microblaze, INSTANCE:microblaze_0 - tcl is overriding
   PARAMETER C_ADDR_TAG_BITS value to 0 -
   C:\Xilinx\13.4\ISE_DS\EDK\hw\XilinxProcessorIPLib\pcores\microblaze_v8_20_b\d
   ata\microblaze_v2_1_0.mpd line 332 
INFO:EDK:4130 - IPNAME: microblaze, INSTANCE:microblaze_0 - tcl is overriding
   PARAMETER C_DCACHE_ADDR_TAG value to 0 -
   C:\Xilinx\13.4\ISE_DS\EDK\hw\XilinxProcessorIPLib\pcores\microblaze_v8_20_b\d
   ata\microblaze_v2_1_0.mpd line 362 
INFO:EDK:4130 - IPNAME: microblaze, INSTANCE:microblaze_0 - tcl is overriding
   PARAMETER C_USE_INTERRUPT value to 1 -
   C:\Xilinx\13.4\ISE_DS\EDK\hw\XilinxProcessorIPLib\pcores\microblaze_v8_20_b\d
   ata\microblaze_v2_1_0.mpd line 396 
INFO:EDK:4130 - IPNAME: microblaze, INSTANCE:microblaze_0 - tcl is overriding
   PARAMETER C_USE_EXT_BRK value to 1 -
   C:\Xilinx\13.4\ISE_DS\EDK\hw\XilinxProcessorIPLib\pcores\microblaze_v8_20_b\d
   ata\microblaze_v2_1_0.mpd line 397 
INFO:EDK:4130 - IPNAME: microblaze, INSTANCE:microblaze_0 - tcl is overriding
   PARAMETER C_USE_EXT_NM_BRK value to 1 -
   C:\Xilinx\13.4\ISE_DS\EDK\hw\XilinxProcessorIPLib\pcores\microblaze_v8_20_b\d
   ata\microblaze_v2_1_0.mpd line 398 

INFO: Setting C_RANGE_CHECK = ON for axi_interconnect axi4lite_0.
INFO:EDK:4130 - IPNAME: axi_interconnect, INSTANCE:axi4lite_0 - tcl is
   overriding PARAMETER C_RANGE_CHECK value to 1 -
   C:\Xilinx\13.4\ISE_DS\EDK\hw\XilinxProcessorIPLib\pcores\axi_interconnect_v1_
   05_a\data\axi_interconnect_v2_1_0.mpd line 146 

Running system level update procedures...

Running UPDATE Tcl procedures for OPTION SYSLEVEL_UPDATE_PROC...

Running system level DRCs...

Performing System level DRCs on properties...

Running DRC Tcl procedures for OPTION SYSLEVEL_DRC_PROC...

Running UPDATE Tcl procedures for OPTION PLATGEN_SYSLEVEL_UPDATE_PROC...
INFO: Setting timing constaints for microblaze_0_ilmb.
INFO: The microblaze_0_ilmb core has constraints automatically generated by XPS
in implementation/microblaze_0_ilmb_wrapper/microblaze_0_ilmb_wrapper.ucf.
It can be overridden by constraints placed in the system.ucf file.

INFO: Setting timing constaints for microblaze_0_dlmb.
INFO: The microblaze_0_dlmb core has constraints automatically generated by XPS
in implementation/microblaze_0_dlmb_wrapper/microblaze_0_dlmb_wrapper.ucf.
It can be overridden by constraints placed in the system.ucf file.

INFO: Setting timing constaints for microblaze_0.
INFO: The microblaze_0 core has constraints automatically generated by XPS in
implementation/microblaze_0_wrapper/microblaze_0_wrapper.ucf.
It can be overridden by constraints placed in the system.ucf file.

INFO: No synchronous clock conversions in axi_interconnect axi4lite_0.
INFO: Generating core-level timing constraints for asynchronous clock
conversions in axi_interconnect axi4lite_0.

Modify defaults ...

Creating stub ...

Processing licensed instances ...
Completion time: 0.00 seconds

Creating hardware output directories ...

Managing hardware (BBD-specified) netlist files ...

Managing cache ...
IPNAME:proc_sys_reset INSTANCE:proc_sys_reset_0 -
C:\Users\superman\Desktop\pegasus_427\lab2\lab2hw\system.mhs line 42 - Copying
cache implementation netlist
IPNAME:lmb_v10 INSTANCE:microblaze_0_ilmb -
C:\Users\superman\Desktop\pegasus_427\lab2\lab2hw\system.mhs line 66 - Copying
cache implementation netlist
IPNAME:lmb_bram_if_cntlr INSTANCE:microblaze_0_i_bram_ctrl -
C:\Users\superman\Desktop\pegasus_427\lab2\lab2hw\system.mhs line 73 - Copying
cache implementation netlist
IPNAME:lmb_v10 INSTANCE:microblaze_0_dlmb -
C:\Users\superman\Desktop\pegasus_427\lab2\lab2hw\system.mhs line 82 - Copying
cache implementation netlist
IPNAME:lmb_bram_if_cntlr INSTANCE:microblaze_0_d_bram_ctrl -
C:\Users\superman\Desktop\pegasus_427\lab2\lab2hw\system.mhs line 89 - Copying
cache implementation netlist
IPNAME:bram_block INSTANCE:microblaze_0_bram_block -
C:\Users\superman\Desktop\pegasus_427\lab2\lab2hw\system.mhs line 98 - Copying
cache implementation netlist
IPNAME:microblaze INSTANCE:microblaze_0 -
C:\Users\superman\Desktop\pegasus_427\lab2\lab2hw\system.mhs line 105 - Copying
cache implementation netlist
IPNAME:mdm INSTANCE:debug_module -
C:\Users\superman\Desktop\pegasus_427\lab2\lab2hw\system.mhs line 129 - Copying
cache implementation netlist
IPNAME:axi_uartlite INSTANCE:rs232_uart_1 -
C:\Users\superman\Desktop\pegasus_427\lab2\lab2hw\system.mhs line 163 - Copying
cache implementation netlist
IPNAME:axi_gpio INSTANCE:push_buttons_5bits -
C:\Users\superman\Desktop\pegasus_427\lab2\lab2hw\system.mhs line 179 - Copying
cache implementation netlist
IPNAME:axi_gpio INSTANCE:leds_8bits -
C:\Users\superman\Desktop\pegasus_427\lab2\lab2hw\system.mhs line 194 - Copying
cache implementation netlist
IPNAME:axi_gpio INSTANCE:dip_switches_8bits -
C:\Users\superman\Desktop\pegasus_427\lab2\lab2hw\system.mhs line 208 - Copying
cache implementation netlist
IPNAME:fit_timer INSTANCE:fit_timer_0 -
C:\Users\superman\Desktop\pegasus_427\lab2\lab2hw\system.mhs line 223 - Copying
cache implementation netlist

Elaborating instances ...
IPNAME:bram_block INSTANCE:microblaze_0_bram_block -
C:\Users\superman\Desktop\pegasus_427\lab2\lab2hw\system.mhs line 98 -
elaborating IP
IPNAME:clock_generator INSTANCE:clock_generator_0 -
C:\Users\superman\Desktop\pegasus_427\lab2\lab2hw\system.mhs line 142 -
elaborating IP
ClkGen elaborate status: PASSED
----------------------------------------

Writing HDL for elaborated instances ...

Inserting wrapper level ...
Completion time: 0.00 seconds

Constructing platform-level connectivity ...
WARNING:EDK:4059 - INSTANCE: pitiful_0, Overriding connection of PORT:
   S_AXI_ARESETN, VALUE: pitiful_0_S_AXI_ARESETN - which is part of the
   connected BUSIF: S_AXI -
   C:\Users\superman\Desktop\pegasus_427\lab2\lab2hw\system.mhs line 231
WARNING:EDK:4059 - INSTANCE: pitiful_0, Overriding connection of PORT:
   S_AXI_AWADDR, VALUE: pitiful_0_S_AXI_AWADDR - which is part of the connected
   BUSIF: S_AXI - C:\Users\superman\Desktop\pegasus_427\lab2\lab2hw\system.mhs
   line 231
WARNING:EDK:4059 - INSTANCE: pitiful_0, Overriding connection of PORT:
   S_AXI_AWVALID, VALUE: pitiful_0_S_AXI_AWVALID - which is part of the
   connected BUSIF: S_AXI -
   C:\Users\superman\Desktop\pegasus_427\lab2\lab2hw\system.mhs line 231
WARNING:EDK:4059 - INSTANCE: pitiful_0, Overriding connection of PORT:
   S_AXI_WDATA, VALUE: pitiful_0_S_AXI_WDATA - which is part of the connected
   BUSIF: S_AXI - C:\Users\superman\Desktop\pegasus_427\lab2\lab2hw\system.mhs
   line 231
WARNING:EDK:4059 - INSTANCE: pitiful_0, Overriding connection of PORT:
   S_AXI_WSTRB, VALUE: pitiful_0_S_AXI_WSTRB - which is part of the connected
   BUSIF: S_AXI - C:\Users\superman\Desktop\pegasus_427\lab2\lab2hw\system.mhs
   line 231
WARNING:EDK:4059 - INSTANCE: pitiful_0, Overriding connection of PORT:
   S_AXI_WVALID, VALUE: pitiful_0_S_AXI_WVALID - which is part of the connected
   BUSIF: S_AXI - C:\Users\superman\Desktop\pegasus_427\lab2\lab2hw\system.mhs
   line 231
WARNING:EDK:4059 - INSTANCE: pitiful_0, Overriding connection of PORT:
   S_AXI_BREADY, VALUE: pitiful_0_S_AXI_BREADY - which is part of the connected
   BUSIF: S_AXI - C:\Users\superman\Desktop\pegasus_427\lab2\lab2hw\system.mhs
   line 231
WARNING:EDK:4059 - INSTANCE: pitiful_0, Overriding connection of PORT:
   S_AXI_ARADDR, VALUE: pitiful_0_S_AXI_ARADDR - which is part of the connected
   BUSIF: S_AXI - C:\Users\superman\Desktop\pegasus_427\lab2\lab2hw\system.mhs
   line 231
WARNING:EDK:4059 - INSTANCE: pitiful_0, Overriding connection of PORT:
   S_AXI_ARVALID, VALUE: pitiful_0_S_AXI_ARVALID - which is part of the
   connected BUSIF: S_AXI -
   C:\Users\superman\Desktop\pegasus_427\lab2\lab2hw\system.mhs line 231
WARNING:EDK:4059 - INSTANCE: pitiful_0, Overriding connection of PORT:
   S_AXI_RREADY, VALUE: pitiful_0_S_AXI_RREADY - which is part of the connected
   BUSIF: S_AXI - C:\Users\superman\Desktop\pegasus_427\lab2\lab2hw\system.mhs
   line 231
WARNING:EDK:4059 - INSTANCE: pitiful_0, Overriding connection of PORT:
   S_AXI_ARREADY, VALUE: pitiful_0_S_AXI_ARREADY - which is part of the
   connected BUSIF: S_AXI -
   C:\Users\superman\Desktop\pegasus_427\lab2\lab2hw\system.mhs line 231
WARNING:EDK:4059 - INSTANCE: pitiful_0, Overriding connection of PORT:
   S_AXI_RDATA, VALUE: pitiful_0_S_AXI_RDATA - which is part of the connected
   BUSIF: S_AXI - C:\Users\superman\Desktop\pegasus_427\lab2\lab2hw\system.mhs
   line 231
WARNING:EDK:4059 - INSTANCE: pitiful_0, Overriding connection of PORT:
   S_AXI_RRESP, VALUE: pitiful_0_S_AXI_RRESP - which is part of the connected
   BUSIF: S_AXI - C:\Users\superman\Desktop\pegasus_427\lab2\lab2hw\system.mhs
   line 231
WARNING:EDK:4059 - INSTANCE: pitiful_0, Overriding connection of PORT:
   S_AXI_RVALID, VALUE: pitiful_0_S_AXI_RVALID - which is part of the connected
   BUSIF: S_AXI - C:\Users\superman\Desktop\pegasus_427\lab2\lab2hw\system.mhs
   line 231
WARNING:EDK:4059 - INSTANCE: pitiful_0, Overriding connection of PORT:
   S_AXI_WREADY, VALUE: pitiful_0_S_AXI_WREADY - which is part of the connected
   BUSIF: S_AXI - C:\Users\superman\Desktop\pegasus_427\lab2\lab2hw\system.mhs
   line 231
WARNING:EDK:4059 - INSTANCE: pitiful_0, Overriding connection of PORT:
   S_AXI_BRESP, VALUE: pitiful_0_S_AXI_BRESP - which is part of the connected
   BUSIF: S_AXI - C:\Users\superman\Desktop\pegasus_427\lab2\lab2hw\system.mhs
   line 231
WARNING:EDK:4059 - INSTANCE: pitiful_0, Overriding connection of PORT:
   S_AXI_BVALID, VALUE: pitiful_0_S_AXI_BVALID - which is part of the connected
   BUSIF: S_AXI - C:\Users\superman\Desktop\pegasus_427\lab2\lab2hw\system.mhs
   line 231
WARNING:EDK:4059 - INSTANCE: pitiful_0, Overriding connection of PORT:
   S_AXI_AWREADY, VALUE: pitiful_0_S_AXI_AWREADY - which is part of the
   connected BUSIF: S_AXI -
   C:\Users\superman\Desktop\pegasus_427\lab2\lab2hw\system.mhs line 231
Completion time: 0.00 seconds

Writing (top-level) BMM ...

Writing (top-level and wrappers) HDL ...

Generating synthesis project file ...

Running XST synthesis ...

INFO:EDK:4211 - The following instances are synthesized with XST. The MPD option
   IMP_NETLIST=TRUE indicates that a NGC file is to be produced using XST
   synthesis. IMP_NETLIST=FALSE (default) instances are not synthesized. 
INSTANCE:microblaze_0_intc -
C:\Users\superman\Desktop\pegasus_427\lab2\lab2hw\system.mhs line 55 - Running
XST synthesis
INSTANCE:clock_generator_0 -
C:\Users\superman\Desktop\pegasus_427\lab2\lab2hw\system.mhs line 142 - Running
XST synthesis
INSTANCE:axi4lite_0 -
C:\Users\superman\Desktop\pegasus_427\lab2\lab2hw\system.mhs line 155 - Running
XST synthesis
INSTANCE:pitiful_0 -
C:\Users\superman\Desktop\pegasus_427\lab2\lab2hw\system.mhs line 231 - Running
XST synthesis
ERROR:EDK:546 - Aborting XST flow execution!
INFO:EDK:2246 - Refer to
   C:\Users\superman\Desktop\pegasus_427\lab2\lab2hw\synthesis\pitiful_0_wrapper
   _xst.srp for details

Running NGCBUILD ...
IPNAME:clock_generator_0_wrapper INSTANCE:clock_generator_0 -
C:\Users\superman\Desktop\pegasus_427\lab2\lab2hw\system.mhs line 142 - Running
NGCBUILD
IPNAME:axi4lite_0_wrapper INSTANCE:axi4lite_0 -
C:\Users\superman\Desktop\pegasus_427\lab2\lab2hw\system.mhs line 155 - Running
NGCBUILD
INFO:EDK:3509 - NCF files should not be modified as they will be regenerated.
   If any constraint needs to be overridden, this should be done by modifying
   the data/system.ucf file.

Rebuilding cache ...
ERROR:EDK:440 - platgen failed with errors!
